c:\users\koral\source\repos\calculator\calculator\debug\calculator.myform.resources
c:\users\koral\source\repos\calculator\calculator\debug\vc142.pdb
c:\users\koral\source\repos\calculator\calculator\debug\.netframework,version=v4.7.2.assemblyattributes.obj
c:\users\koral\source\repos\calculator\calculator\debug\.netframework,version=v4.7.2.assemblyattributes.asm
c:\users\koral\source\repos\calculator\calculator\debug\myform.obj
c:\users\koral\source\repos\calculator\debug\calculator.exe
c:\users\koral\source\repos\calculator\debug\calculator.pdb
c:\users\koral\source\repos\calculator\calculator\debug\calculator.vcxproj.generateresource.cache
c:\users\koral\source\repos\calculator\calculator\debug\calculator.vcxprojassemblyreference.cache
c:\users\koral\source\repos\calculator\calculator\debug\calculator.tlog\calculator.write.1u.tlog
c:\users\koral\source\repos\calculator\calculator\debug\calculator.tlog\cl.command.1.tlog
c:\users\koral\source\repos\calculator\calculator\debug\calculator.tlog\cl.read.1.tlog
c:\users\koral\source\repos\calculator\calculator\debug\calculator.tlog\cl.write.1.tlog
c:\users\koral\source\repos\calculator\calculator\debug\calculator.tlog\link.20528.delete.1.tlog
c:\users\koral\source\repos\calculator\calculator\debug\calculator.tlog\link.21180.delete.1.tlog
c:\users\koral\source\repos\calculator\calculator\debug\calculator.tlog\link.21192.delete.1.tlog
c:\users\koral\source\repos\calculator\calculator\debug\calculator.tlog\link.24148.delete.1.tlog
c:\users\koral\source\repos\calculator\calculator\debug\calculator.tlog\link.25836.delete.1.tlog
c:\users\koral\source\repos\calculator\calculator\debug\calculator.tlog\link.28164.delete.1.tlog
c:\users\koral\source\repos\calculator\calculator\debug\calculator.tlog\link.33164.delete.1.tlog
c:\users\koral\source\repos\calculator\calculator\debug\calculator.tlog\link.34896.delete.1.tlog
c:\users\koral\source\repos\calculator\calculator\debug\calculator.tlog\link.35092.delete.1.tlog
c:\users\koral\source\repos\calculator\calculator\debug\calculator.tlog\link.35804.delete.1.tlog
c:\users\koral\source\repos\calculator\calculator\debug\calculator.tlog\link.37216.delete.1.tlog
c:\users\koral\source\repos\calculator\calculator\debug\calculator.tlog\link.37600.delete.1.tlog
c:\users\koral\source\repos\calculator\calculator\debug\calculator.tlog\link.37680.delete.1.tlog
c:\users\koral\source\repos\calculator\calculator\debug\calculator.tlog\link.37788.delete.1.tlog
c:\users\koral\source\repos\calculator\calculator\debug\calculator.tlog\link.38156.delete.1.tlog
c:\users\koral\source\repos\calculator\calculator\debug\calculator.tlog\link.39048.delete.1.tlog
c:\users\koral\source\repos\calculator\calculator\debug\calculator.tlog\link.39112.delete.1.tlog
c:\users\koral\source\repos\calculator\calculator\debug\calculator.tlog\link.39364.delete.1.tlog
c:\users\koral\source\repos\calculator\calculator\debug\calculator.tlog\link.39444.delete.1.tlog
c:\users\koral\source\repos\calculator\calculator\debug\calculator.tlog\link.39572.delete.1.tlog
c:\users\koral\source\repos\calculator\calculator\debug\calculator.tlog\link.40016.delete.1.tlog
c:\users\koral\source\repos\calculator\calculator\debug\calculator.tlog\link.40148.delete.1.tlog
c:\users\koral\source\repos\calculator\calculator\debug\calculator.tlog\link.40304.delete.1.tlog
c:\users\koral\source\repos\calculator\calculator\debug\calculator.tlog\link.40608.delete.1.tlog
c:\users\koral\source\repos\calculator\calculator\debug\calculator.tlog\link.40640.delete.1.tlog
c:\users\koral\source\repos\calculator\calculator\debug\calculator.tlog\link.41116.delete.1.tlog
c:\users\koral\source\repos\calculator\calculator\debug\calculator.tlog\link.41416.delete.1.tlog
c:\users\koral\source\repos\calculator\calculator\debug\calculator.tlog\link.41900.delete.1.tlog
c:\users\koral\source\repos\calculator\calculator\debug\calculator.tlog\link.41924.delete.1.tlog
c:\users\koral\source\repos\calculator\calculator\debug\calculator.tlog\link.42104.delete.1.tlog
c:\users\koral\source\repos\calculator\calculator\debug\calculator.tlog\link.42476.delete.1.tlog
c:\users\koral\source\repos\calculator\calculator\debug\calculator.tlog\link.43100.delete.1.tlog
c:\users\koral\source\repos\calculator\calculator\debug\calculator.tlog\link.43176.delete.1.tlog
c:\users\koral\source\repos\calculator\calculator\debug\calculator.tlog\link.43772.delete.1.tlog
c:\users\koral\source\repos\calculator\calculator\debug\calculator.tlog\link.43848.delete.1.tlog
c:\users\koral\source\repos\calculator\calculator\debug\calculator.tlog\link.44176.delete.1.tlog
c:\users\koral\source\repos\calculator\calculator\debug\calculator.tlog\link.44260.delete.1.tlog
c:\users\koral\source\repos\calculator\calculator\debug\calculator.tlog\link.44308.delete.1.tlog
c:\users\koral\source\repos\calculator\calculator\debug\calculator.tlog\link.44444.delete.1.tlog
c:\users\koral\source\repos\calculator\calculator\debug\calculator.tlog\link.44496.delete.1.tlog
c:\users\koral\source\repos\calculator\calculator\debug\calculator.tlog\link.44524.delete.1.tlog
c:\users\koral\source\repos\calculator\calculator\debug\calculator.tlog\link.44716.delete.1.tlog
c:\users\koral\source\repos\calculator\calculator\debug\calculator.tlog\link.44744.delete.1.tlog
c:\users\koral\source\repos\calculator\calculator\debug\calculator.tlog\link.44988.delete.1.tlog
c:\users\koral\source\repos\calculator\calculator\debug\calculator.tlog\link.46416.delete.1.tlog
c:\users\koral\source\repos\calculator\calculator\debug\calculator.tlog\link.46768.delete.1.tlog
c:\users\koral\source\repos\calculator\calculator\debug\calculator.tlog\link.46920.delete.1.tlog
c:\users\koral\source\repos\calculator\calculator\debug\calculator.tlog\link.4872.delete.1.tlog
c:\users\koral\source\repos\calculator\calculator\debug\calculator.tlog\link.command.1.tlog
c:\users\koral\source\repos\calculator\calculator\debug\calculator.tlog\link.read.1.tlog
c:\users\koral\source\repos\calculator\calculator\debug\calculator.tlog\link.write.1.tlog
c:\users\koral\source\repos\calculator\calculator\debug\calculator.tlog\metagen.read.1.tlog
c:\users\koral\source\repos\calculator\calculator\debug\calculator.tlog\metagen.write.1.tlog
